[32mINFO[0m:     [17-03-2024 19:04:08] Set chroma_server_nofile to 65535
[32mINFO[0m:     [17-03-2024 19:04:08] Anonymized telemetry enabled. See                     https://docs.trychroma.com/telemetry for more information.
[36mDEBUG[0m:    [17-03-2024 19:04:08] Starting component System
[36mDEBUG[0m:    [17-03-2024 19:04:08] Starting component OpenTelemetryClient
[36mDEBUG[0m:    [17-03-2024 19:04:08] Starting component SimpleAssignmentPolicy
[36mDEBUG[0m:    [17-03-2024 19:04:08] Starting component SqliteDB
[36mDEBUG[0m:    [17-03-2024 19:04:08] Starting component QuotaEnforcer
[36mDEBUG[0m:    [17-03-2024 19:04:08] Starting component Posthog
[36mDEBUG[0m:    [17-03-2024 19:04:08] Starting component LocalSegmentManager
[36mDEBUG[0m:    [17-03-2024 19:04:08] Starting component SegmentAPI
[32mINFO[0m:     [17-03-2024 19:04:08] Started server process [[36m7018[0m]
[32mINFO[0m:     [17-03-2024 19:04:08] Waiting for application startup.
[32mINFO[0m:     [17-03-2024 19:04:08] Application startup complete.
[32mINFO[0m:     [17-03-2024 19:04:08] Uvicorn running on [1mhttp://localhost:8000[0m (Press CTRL+C to quit)
[32mINFO[0m:     [17-03-2024 19:04:23] Shutting down
[32mINFO[0m:     [17-03-2024 19:04:23] Waiting for application shutdown.
[36mDEBUG[0m:    [17-03-2024 19:04:23] Stopping component System
[36mDEBUG[0m:    [17-03-2024 19:04:23] Stopping component SegmentAPI
[36mDEBUG[0m:    [17-03-2024 19:04:23] Stopping component LocalSegmentManager
[36mDEBUG[0m:    [17-03-2024 19:04:23] Stopping component Posthog
[36mDEBUG[0m:    [17-03-2024 19:04:23] Stopping component QuotaEnforcer
[36mDEBUG[0m:    [17-03-2024 19:04:23] Stopping component SqliteDB
[36mDEBUG[0m:    [17-03-2024 19:04:23] Stopping component SimpleAssignmentPolicy
[36mDEBUG[0m:    [17-03-2024 19:04:23] Stopping component OpenTelemetryClient
[32mINFO[0m:     [17-03-2024 19:04:23] Application shutdown complete.
[32mINFO[0m:     [17-03-2024 19:04:23] Finished server process [[36m7018[0m]
[32mINFO[0m:     [17-03-2024 19:05:19] Set chroma_server_nofile to 65535
[32mINFO[0m:     [17-03-2024 19:05:19] Anonymized telemetry enabled. See                     https://docs.trychroma.com/telemetry for more information.
[36mDEBUG[0m:    [17-03-2024 19:05:19] Starting component System
[36mDEBUG[0m:    [17-03-2024 19:05:19] Starting component OpenTelemetryClient
[36mDEBUG[0m:    [17-03-2024 19:05:19] Starting component SimpleAssignmentPolicy
[36mDEBUG[0m:    [17-03-2024 19:05:19] Starting component SqliteDB
[36mDEBUG[0m:    [17-03-2024 19:05:19] Starting component QuotaEnforcer
[36mDEBUG[0m:    [17-03-2024 19:05:19] Starting component Posthog
[36mDEBUG[0m:    [17-03-2024 19:05:19] Starting component LocalSegmentManager
[36mDEBUG[0m:    [17-03-2024 19:05:19] Starting component SegmentAPI
[32mINFO[0m:     [17-03-2024 19:05:19] Started server process [[36m7226[0m]
[32mINFO[0m:     [17-03-2024 19:05:19] Waiting for application startup.
[32mINFO[0m:     [17-03-2024 19:05:19] Application startup complete.
[32mINFO[0m:     [17-03-2024 19:05:19] Uvicorn running on [1mhttp://localhost:8000[0m (Press CTRL+C to quit)
[32mINFO[0m:     [17-03-2024 19:05:52] Shutting down
[32mINFO[0m:     [17-03-2024 19:05:52] Waiting for application shutdown.
[36mDEBUG[0m:    [17-03-2024 19:05:52] Stopping component System
[36mDEBUG[0m:    [17-03-2024 19:05:52] Stopping component SegmentAPI
[36mDEBUG[0m:    [17-03-2024 19:05:52] Stopping component LocalSegmentManager
[36mDEBUG[0m:    [17-03-2024 19:05:52] Stopping component Posthog
[36mDEBUG[0m:    [17-03-2024 19:05:52] Stopping component QuotaEnforcer
[36mDEBUG[0m:    [17-03-2024 19:05:52] Stopping component SqliteDB
[36mDEBUG[0m:    [17-03-2024 19:05:52] Stopping component SimpleAssignmentPolicy
[36mDEBUG[0m:    [17-03-2024 19:05:52] Stopping component OpenTelemetryClient
[32mINFO[0m:     [17-03-2024 19:05:52] Application shutdown complete.
[32mINFO[0m:     [17-03-2024 19:05:52] Finished server process [[36m7226[0m]
[32mINFO[0m:     [17-03-2024 19:06:04] Set chroma_server_nofile to 65535
[32mINFO[0m:     [17-03-2024 19:06:04] Anonymized telemetry enabled. See                     https://docs.trychroma.com/telemetry for more information.
[36mDEBUG[0m:    [17-03-2024 19:06:04] Starting component System
[36mDEBUG[0m:    [17-03-2024 19:06:04] Starting component OpenTelemetryClient
[36mDEBUG[0m:    [17-03-2024 19:06:04] Starting component SimpleAssignmentPolicy
[36mDEBUG[0m:    [17-03-2024 19:06:04] Starting component SqliteDB
[36mDEBUG[0m:    [17-03-2024 19:06:04] Starting component QuotaEnforcer
[36mDEBUG[0m:    [17-03-2024 19:06:04] Starting component Posthog
[36mDEBUG[0m:    [17-03-2024 19:06:04] Starting component LocalSegmentManager
[36mDEBUG[0m:    [17-03-2024 19:06:04] Starting component SegmentAPI
[32mINFO[0m:     [17-03-2024 19:06:04] Started server process [[36m7414[0m]
[32mINFO[0m:     [17-03-2024 19:06:04] Waiting for application startup.
[32mINFO[0m:     [17-03-2024 19:06:04] Application startup complete.
[32mINFO[0m:     [17-03-2024 19:06:04] Uvicorn running on [1mhttp://localhost:8000[0m (Press CTRL+C to quit)
[32mINFO[0m:     [17-03-2024 19:06:30] Shutting down
[32mINFO[0m:     [17-03-2024 19:06:30] Waiting for application shutdown.
[36mDEBUG[0m:    [17-03-2024 19:06:30] Stopping component System
[36mDEBUG[0m:    [17-03-2024 19:06:30] Stopping component SegmentAPI
[36mDEBUG[0m:    [17-03-2024 19:06:30] Stopping component LocalSegmentManager
[36mDEBUG[0m:    [17-03-2024 19:06:30] Stopping component Posthog
[36mDEBUG[0m:    [17-03-2024 19:06:30] Stopping component QuotaEnforcer
[36mDEBUG[0m:    [17-03-2024 19:06:30] Stopping component SqliteDB
[36mDEBUG[0m:    [17-03-2024 19:06:30] Stopping component SimpleAssignmentPolicy
[36mDEBUG[0m:    [17-03-2024 19:06:30] Stopping component OpenTelemetryClient
[32mINFO[0m:     [17-03-2024 19:06:30] Application shutdown complete.
[32mINFO[0m:     [17-03-2024 19:06:30] Finished server process [[36m7414[0m]
